<?xml version="1.0" encoding="UTF-8"?>
<!-- Generated by org.testng.reporters.JUnitXMLReporter -->
<testsuite ignored="1" hostname="LAPTOP-TBLQK2KJ" failures="0" tests="3" name="Test 1" time="0.046" errors="0" timestamp="2023-08-09T22:27:57 BDT">
  <testcase classname="root.annotations.Annotations" name="signUp" time="0.004"/>
  <testcase classname="root.annotations.Annotations" name="logOut" time="0.001"/>
  <testcase classname="root.annotations.Annotations" name="logIn" time="0.002"/>
  <testcase classname="root.annotations.Annotations" name="signIn" time="0.0">
    <ignored/>
  </testcase> <!-- signIn -->
</testsuite> <!-- Test 1 -->
