<?xml version="1.0" encoding="UTF-8"?>
<!-- Generated by org.testng.reporters.JUnitXMLReporter -->
<testsuite ignored="3" hostname="LAPTOP-TBLQK2KJ" failures="0" tests="1" name="Test 2" time="0.004" errors="0" timestamp="2023-08-09T22:27:57 BDT">
  <testcase classname="root.annotations.Annotations2" name="logIn" time="0.002"/>
  <testcase classname="root.annotations.Annotations2" name="logOut" time="0.0">
    <ignored/>
  </testcase> <!-- logOut -->
  <testcase classname="root.annotations.Annotations2" name="signIn" time="0.0">
    <ignored/>
  </testcase> <!-- signIn -->
  <testcase classname="root.annotations.Annotations2" name="signUp" time="0.0">
    <ignored/>
  </testcase> <!-- signUp -->
</testsuite> <!-- Test 2 -->
