<?xml version="1.0" encoding="UTF-8"?>
<!-- Generated by org.testng.reporters.JUnitXMLReporter -->
<testsuite ignored="0" hostname="LAPTOP-TBLQK2KJ" failures="0" tests="3" name="Test" time="0.041" errors="0" timestamp="2023-08-25T18:51:14 BDT">
  <testcase classname="root.param.MathUtils" name="addition" time="0.006"/>
  <testcase classname="root.param.MathUtils" name="subtract" time="0.001"/>
  <testcase classname="root.param.MathUtils" name="subtract" time="0.001"/>
</testsuite> <!-- Test -->
